20:51:52.450 [main] INFO  - Browser is launched successfully
20:53:12.224 [main] INFO  - Values are enetered into first name , last name and email Text box
20:53:20.138 [main] INFO  - enterPhone is executed successfully on Student form
20:53:41.896 [main] INFO  - enteraddress is executed successfully on Student form
10:45:53.769 [main] INFO  - Browser is launched successfully
10:45:55.412 [main] INFO  - simpleAlert is present on the page
10:46:15.383 [main] INFO  - Browser is launched successfully
10:46:16.579 [main] INFO  - Values are enetered into first name , last name and email Text box
10:46:16.943 [main] INFO  - enterPhone is executed successfully on Student form
23:50:43.738 [main] INFO  - Browser is launched successfully
23:50:48.336 [main] INFO  - Values are enetered into first name , last name and email Text box
23:50:51.427 [main] INFO  - enterPhone is executed successfully on Student form
23:52:01.150 [main] INFO  - Browser is launched successfully
23:54:31.937 [main] INFO  - Browser is launched successfully
23:58:56.281 [main] INFO  - Browser is launched successfully
00:00:19.124 [main] INFO  - Browser is launched successfully
00:01:43.336 [main] INFO  - Browser is launched successfully
20:05:41.647 [main] INFO  - Browser is launched successfully
20:05:42.021 [main] INFO  - simpleAlert is present on the page
20:07:48.625 [main] INFO  - Browser is launched successfully
20:08:33.721 [main] INFO  - Browser is launched successfully
20:08:34.469 [main] INFO  - Values are enetered into first name , last name and email Text box
20:08:35.008 [main] INFO  - enterPhone is executed successfully on Student form
20:08:38.054 [main] INFO  - enteraddress is executed successfully on Student form
